<?xml version="1.0" encoding="UTF-8"?>
<testsuite name="TestDataClasses" tests="1" skipped="0" failures="0" errors="0" timestamp="2019-10-14T16:26:12" hostname="A_MASLENNIKOV" time="0.023">
  <properties/>
  <testcase name="testListOfPeople" classname="TestDataClasses" time="0.023"/>
  <system-out><![CDATA[]]></system-out>
  <system-err><![CDATA[]]></system-err>
</testsuite>
