<?xml version="1.0" encoding="UTF-8"?>
<testsuite name="TestSmartCasts" tests="3" skipped="0" failures="0" errors="0" timestamp="2019-10-14T16:44:27" hostname="A_MASLENNIKOV" time="0.006">
  <properties/>
  <testcase name="testNum" classname="TestSmartCasts" time="0.004"/>
  <testcase name="testSum" classname="TestSmartCasts" time="0.002"/>
  <testcase name="testRecursion" classname="TestSmartCasts" time="0.0"/>
  <system-out><![CDATA[]]></system-out>
  <system-err><![CDATA[]]></system-err>
</testsuite>
