<?xml version="1.0" encoding="UTF-8"?>
<testsuite name="TestStart" tests="1" skipped="0" failures="0" errors="0" timestamp="2019-10-14T14:24:45" hostname="A_MASLENNIKOV" time="0.002">
  <properties/>
  <testcase name="testOk" classname="TestStart" time="0.002"/>
  <system-out><![CDATA[]]></system-out>
  <system-err><![CDATA[]]></system-err>
</testsuite>
