<?xml version="1.0" encoding="UTF-8"?>
<testsuite name="TestLambdas" tests="2" skipped="0" failures="0" errors="0" timestamp="2019-10-14T16:11:21" hostname="A_MASLENNIKOV" time="0.02">
  <properties/>
  <testcase name="contains" classname="TestLambdas" time="0.02"/>
  <testcase name="notContains" classname="TestLambdas" time="0.0"/>
  <system-out><![CDATA[]]></system-out>
  <system-err><![CDATA[]]></system-err>
</testsuite>
